[0703/140244.515:ERROR:process_info.cc(329)] VirtualQueryEx: Acceso denegado. (0x5)
[0703/140245.022:ERROR:process_info.cc(550)] ReadMemoryInfo failed
[0703/140245.072:ERROR:scoped_process_suspend.cc(40)] NtResumeProcess: Se intentó obtener acceso a un proceso que está cerrándose. (0xc000010a)
[0703/141026.961:ERROR:process_reader_win.cc(182)] ResumeThread: El parámetro no es correcto. (0x57)
[0703/141026.962:ERROR:process_reader_win.cc(151)] SuspendThread: Acceso denegado. (0x5)
[0703/141026.962:ERROR:process_reader_win.cc(151)] SuspendThread: Acceso denegado. (0x5)
[0703/141026.963:ERROR:process_reader_win.cc(151)] SuspendThread: Acceso denegado. (0x5)
[0703/141026.963:ERROR:process_reader_win.cc(123)] NtOpenThread: Se ha especificado un identificador de cliente no válido. (0xc000000b)
[0703/141026.984:ERROR:process_reader_win.cc(151)] SuspendThread: Acceso denegado. (0x5)
[0703/141026.984:ERROR:process_reader_win.cc(151)] SuspendThread: Acceso denegado. (0x5)
[0703/141026.984:ERROR:process_reader_win.cc(151)] SuspendThread: Acceso denegado. (0x5)
[0703/141026.984:ERROR:process_reader_win.cc(151)] SuspendThread: Acceso denegado. (0x5)
[0703/141026.984:ERROR:process_reader_win.cc(151)] SuspendThread: Acceso denegado. (0x5)
[0703/141026.984:ERROR:process_reader_win.cc(151)] SuspendThread: Acceso denegado. (0x5)
[0703/141026.984:ERROR:process_reader_win.cc(151)] SuspendThread: Acceso denegado. (0x5)
[0703/141026.984:ERROR:process_reader_win.cc(151)] SuspendThread: Acceso denegado. (0x5)
[0703/141026.984:ERROR:process_reader_win.cc(151)] SuspendThread: Acceso denegado. (0x5)
[0703/141026.984:ERROR:process_reader_win.cc(151)] SuspendThread: Acceso denegado. (0x5)
[0703/141026.984:ERROR:process_reader_win.cc(151)] SuspendThread: Acceso denegado. (0x5)
[0703/141026.984:ERROR:process_reader_win.cc(151)] SuspendThread: Acceso denegado. (0x5)
[0703/141026.984:ERROR:process_reader_win.cc(151)] SuspendThread: Acceso denegado. (0x5)
[0703/141026.985:ERROR:process_reader_win.cc(151)] SuspendThread: Acceso denegado. (0x5)
[0703/141026.985:ERROR:process_reader_win.cc(151)] SuspendThread: Acceso denegado. (0x5)
[0703/141026.985:ERROR:process_reader_win.cc(151)] SuspendThread: Acceso denegado. (0x5)
[0703/141026.985:ERROR:process_reader_win.cc(151)] SuspendThread: Acceso denegado. (0x5)
[0703/141026.985:ERROR:process_reader_win.cc(151)] SuspendThread: Acceso denegado. (0x5)
[0703/141026.985:ERROR:process_reader_win.cc(151)] SuspendThread: Acceso denegado. (0x5)
[0703/141026.985:ERROR:exception_snapshot_win.cc(98)] thread ID 5388 not found in process
[0703/141026.985:ERROR:scoped_process_suspend.cc(40)] NtResumeProcess: Se intentó obtener acceso a un proceso que está cerrándose. (0xc000010a)
